<?xml version="1.0" encoding="UTF-8"?>
<testsuite name="ru.crystals.rxtxadapter.ComPortUtilTest" tests="2" skipped="0" failures="0" errors="0" timestamp="2021-09-28T10:16:04" hostname="DESKTOP-5JCC8T1" time="0.01">
  <properties/>
  <testcase name="normalPortsMapping" classname="ru.crystals.rxtxadapter.ComPortUtilTest" time="0.008"/>
  <testcase name="abnormalPortMapping" classname="ru.crystals.rxtxadapter.ComPortUtilTest" time="0.001"/>
  <system-out><![CDATA[]]></system-out>
  <system-err><![CDATA[]]></system-err>
</testsuite>
